15:44:56 **** Incremental Build of configuration Debug for project CellPhoneCoverage ****
make all 
Building file: ../SignalStrengthsSortedCuda.cu
Invoking: NVCC Compiler
/graphics/opt/opt_Ubuntu16.04/cuda/toolkit_9.0/cuda/bin/nvcc -G -g -O0 -gencode arch=compute_61,code=sm_61  -odir "." -M -o "SignalStrengthsSortedCuda.d" "../SignalStrengthsSortedCuda.cu"
/graphics/opt/opt_Ubuntu16.04/cuda/toolkit_9.0/cuda/bin/nvcc -G -g -O0 --compile --relocatable-device-code=false -gencode arch=compute_61,code=compute_61 -gencode arch=compute_61,code=sm_61  -x cu -o  "SignalStrengthsSortedCuda.o" "../SignalStrengthsSortedCuda.cu"
../SignalStrengthsSortedCuda.cu(48): warning: function "noSortKernel" was declared but never referenced

../SignalStrengthsSortedCuda.cu(48): warning: function "noSortKernel" was declared but never referenced

Finished building: ../SignalStrengthsSortedCuda.cu
 
Building target: CellPhoneCoverage
Invoking: NVCC Linker
/graphics/opt/opt_Ubuntu16.04/cuda/toolkit_9.0/cuda/bin/nvcc --cudart static --relocatable-device-code=false -gencode arch=compute_61,code=compute_61 -gencode arch=compute_61,code=sm_61 -link -o  "CellPhoneCoverage"  ./CellPhoneCoverage.o ./SignalStrengthsCpu.o ./SignalStrengthsCuda.o ./SignalStrengthsSortedCuda.o   
Finished building target: CellPhoneCoverage
 
15:45:01 **** Incremental Build of configuration Debug for project CellPhoneCoverage ****
make all 
make: Nothing to be done for 'all'.
15:46:26 **** Incremental Build of configuration Debug for project CellPhoneCoverage ****
make all 
make: Nothing to be done for 'all'.
15:49:01 **** Incremental Build of configuration Debug for project CellPhoneCoverage ****
make all 
make: Nothing to be done for 'all'.
15:49:15 **** Incremental Build of configuration Debug for project CellPhoneCoverage ****
make all 
make: Nothing to be done for 'all'.
15:49:26 **** Incremental Build of configuration Debug for project CellPhoneCoverage ****
make all 
make: Nothing to be done for 'all'.
15:50:36 **** Incremental Build of configuration Debug for project CellPhoneCoverage ****
make all 
Building file: ../SignalStrengthsSortedCuda.cu
Invoking: NVCC Compiler
/graphics/opt/opt_Ubuntu16.04/cuda/toolkit_9.0/cuda/bin/nvcc -G -g -O0 -gencode arch=compute_61,code=sm_61  -odir "." -M -o "SignalStrengthsSortedCuda.d" "../SignalStrengthsSortedCuda.cu"
/graphics/opt/opt_Ubuntu16.04/cuda/toolkit_9.0/cuda/bin/nvcc -G -g -O0 --compile --relocatable-device-code=false -gencode arch=compute_61,code=compute_61 -gencode arch=compute_61,code=sm_61  -x cu -o  "SignalStrengthsSortedCuda.o" "../SignalStrengthsSortedCuda.cu"
../SignalStrengthsSortedCuda.cu(93): warning: variable "thread_count" was declared but never referenced

../SignalStrengthsSortedCuda.cu(48): warning: function "noSortKernel" was declared but never referenced

../SignalStrengthsSortedCuda.cu(93): warning: variable "thread_count" was declared but never referenced

../SignalStrengthsSortedCuda.cu(48): warning: function "noSortKernel" was declared but never referenced

Finished building: ../SignalStrengthsSortedCuda.cu
 
Building target: CellPhoneCoverage
Invoking: NVCC Linker
/graphics/opt/opt_Ubuntu16.04/cuda/toolkit_9.0/cuda/bin/nvcc --cudart static --relocatable-device-code=false -gencode arch=compute_61,code=compute_61 -gencode arch=compute_61,code=sm_61 -link -o  "CellPhoneCoverage"  ./CellPhoneCoverage.o ./SignalStrengthsCpu.o ./SignalStrengthsCuda.o ./SignalStrengthsSortedCuda.o   
Finished building target: CellPhoneCoverage
 
16:00:55 **** Incremental Build of configuration Debug for project CellPhoneCoverage ****
make all 
Building file: ../SignalStrengthsSortedCuda.cu
Invoking: NVCC Compiler
/graphics/opt/opt_Ubuntu16.04/cuda/toolkit_9.0/cuda/bin/nvcc -G -g -O0 -gencode arch=compute_61,code=sm_61  -odir "." -M -o "SignalStrengthsSortedCuda.d" "../SignalStrengthsSortedCuda.cu"
/graphics/opt/opt_Ubuntu16.04/cuda/toolkit_9.0/cuda/bin/nvcc -G -g -O0 --compile --relocatable-device-code=false -gencode arch=compute_61,code=compute_61 -gencode arch=compute_61,code=sm_61  -x cu -o  "SignalStrengthsSortedCuda.o" "../SignalStrengthsSortedCuda.cu"
../SignalStrengthsSortedCuda.cu(48): warning: function "noSortKernel" was declared but never referenced

../SignalStrengthsSortedCuda.cu(48): warning: function "noSortKernel" was declared but never referenced

Finished building: ../SignalStrengthsSortedCuda.cu
 
Building target: CellPhoneCoverage
Invoking: NVCC Linker
/graphics/opt/opt_Ubuntu16.04/cuda/toolkit_9.0/cuda/bin/nvcc --cudart static --relocatable-device-code=false -gencode arch=compute_61,code=compute_61 -gencode arch=compute_61,code=sm_61 -link -o  "CellPhoneCoverage"  ./CellPhoneCoverage.o ./SignalStrengthsCpu.o ./SignalStrengthsCuda.o ./SignalStrengthsSortedCuda.o   
Finished building target: CellPhoneCoverage
 
20:11:23 **** Incremental Build of configuration Debug for project CellPhoneCoverage ****
make all 
make: Nothing to be done for 'all'.
20:11:41 **** Incremental Build of configuration Debug for project CellPhoneCoverage ****
make all 
make: Nothing to be done for 'all'.
20:14:21 **** Incremental Build of configuration Debug for project CellPhoneCoverage ****
make all 
make: Nothing to be done for 'all'.
20:14:38 **** Incremental Build of configuration Debug for project CellPhoneCoverage ****
make all 
make: Nothing to be done for 'all'.
20:21:58 **** Incremental Build of configuration Debug for project CellPhoneCoverage ****
make all 
Building file: ../SignalStrengthsSortedCuda.cu
Invoking: NVCC Compiler
/graphics/opt/opt_Ubuntu16.04/cuda/toolkit_9.0/cuda/bin/nvcc -G -g -O0 -gencode arch=compute_61,code=sm_61  -odir "." -M -o "SignalStrengthsSortedCuda.d" "../SignalStrengthsSortedCuda.cu"
/graphics/opt/opt_Ubuntu16.04/cuda/toolkit_9.0/cuda/bin/nvcc -G -g -O0 --compile --relocatable-device-code=false -gencode arch=compute_61,code=compute_61 -gencode arch=compute_61,code=sm_61  -x cu -o  "SignalStrengthsSortedCuda.o" "../SignalStrengthsSortedCuda.cu"
../SignalStrengthsSortedCuda.cu(48): warning: function "noSortKernel" was declared but never referenced

../SignalStrengthsSortedCuda.cu(48): warning: function "noSortKernel" was declared but never referenced

Finished building: ../SignalStrengthsSortedCuda.cu
 
Building target: CellPhoneCoverage
Invoking: NVCC Linker
/graphics/opt/opt_Ubuntu16.04/cuda/toolkit_9.0/cuda/bin/nvcc --cudart static --relocatable-device-code=false -gencode arch=compute_61,code=compute_61 -gencode arch=compute_61,code=sm_61 -link -o  "CellPhoneCoverage"  ./CellPhoneCoverage.o ./SignalStrengthsCpu.o ./SignalStrengthsCuda.o ./SignalStrengthsSortedCuda.o   
Finished building target: CellPhoneCoverage
 
20:22:11 **** Incremental Build of configuration Debug for project CellPhoneCoverage ****
make all 
Building file: ../SignalStrengthsSortedCuda.cu
Invoking: NVCC Compiler
/graphics/opt/opt_Ubuntu16.04/cuda/toolkit_9.0/cuda/bin/nvcc -G -g -O0 -gencode arch=compute_61,code=sm_61  -odir "." -M -o "SignalStrengthsSortedCuda.d" "../SignalStrengthsSortedCuda.cu"
/graphics/opt/opt_Ubuntu16.04/cuda/toolkit_9.0/cuda/bin/nvcc -G -g -O0 --compile --relocatable-device-code=false -gencode arch=compute_61,code=compute_61 -gencode arch=compute_61,code=sm_61  -x cu -o  "SignalStrengthsSortedCuda.o" "../SignalStrengthsSortedCuda.cu"
../SignalStrengthsSortedCuda.cu(48): warning: function "noSortKernel" was declared but never referenced

../SignalStrengthsSortedCuda.cu(48): warning: function "noSortKernel" was declared but never referenced

Finished building: ../SignalStrengthsSortedCuda.cu
 
Building target: CellPhoneCoverage
Invoking: NVCC Linker
/graphics/opt/opt_Ubuntu16.04/cuda/toolkit_9.0/cuda/bin/nvcc --cudart static --relocatable-device-code=false -gencode arch=compute_61,code=compute_61 -gencode arch=compute_61,code=sm_61 -link -o  "CellPhoneCoverage"  ./CellPhoneCoverage.o ./SignalStrengthsCpu.o ./SignalStrengthsCuda.o ./SignalStrengthsSortedCuda.o   
Finished building target: CellPhoneCoverage
 
20:25:19 **** Incremental Build of configuration Debug for project CellPhoneCoverage ****
make all 
make: Nothing to be done for 'all'.
20:25:44 **** Incremental Build of configuration Debug for project CellPhoneCoverage ****
make all 
make: Nothing to be done for 'all'.
20:25:57 **** Incremental Build of configuration Debug for project CellPhoneCoverage ****
make all 
make: Nothing to be done for 'all'.
20:33:13 **** Incremental Build of configuration Debug for project CellPhoneCoverage ****
make all 
Building file: ../SignalStrengthsSortedCuda.cu
Invoking: NVCC Compiler
/graphics/opt/opt_Ubuntu16.04/cuda/toolkit_9.0/cuda/bin/nvcc -G -g -O0 -gencode arch=compute_61,code=sm_61  -odir "." -M -o "SignalStrengthsSortedCuda.d" "../SignalStrengthsSortedCuda.cu"
/graphics/opt/opt_Ubuntu16.04/cuda/toolkit_9.0/cuda/bin/nvcc -G -g -O0 --compile --relocatable-device-code=false -gencode arch=compute_61,code=compute_61 -gencode arch=compute_61,code=sm_61  -x cu -o  "SignalStrengthsSortedCuda.o" "../SignalStrengthsSortedCuda.cu"
../SignalStrengthsSortedCuda.cu(48): warning: function "noSortKernel" was declared but never referenced

../SignalStrengthsSortedCuda.cu(48): warning: function "noSortKernel" was declared but never referenced

Finished building: ../SignalStrengthsSortedCuda.cu
 
Building target: CellPhoneCoverage
Invoking: NVCC Linker
/graphics/opt/opt_Ubuntu16.04/cuda/toolkit_9.0/cuda/bin/nvcc --cudart static --relocatable-device-code=false -gencode arch=compute_61,code=compute_61 -gencode arch=compute_61,code=sm_61 -link -o  "CellPhoneCoverage"  ./CellPhoneCoverage.o ./SignalStrengthsCpu.o ./SignalStrengthsCuda.o ./SignalStrengthsSortedCuda.o   
Finished building target: CellPhoneCoverage
 
20:33:38 **** Incremental Build of configuration Debug for project CellPhoneCoverage ****
make all 
make: Nothing to be done for 'all'.
20:35:53 **** Incremental Build of configuration Debug for project CellPhoneCoverage ****
make all 
Building file: ../SignalStrengthsSortedCuda.cu
Invoking: NVCC Compiler
/graphics/opt/opt_Ubuntu16.04/cuda/toolkit_9.0/cuda/bin/nvcc -G -g -O0 -gencode arch=compute_61,code=sm_61  -odir "." -M -o "SignalStrengthsSortedCuda.d" "../SignalStrengthsSortedCuda.cu"
/graphics/opt/opt_Ubuntu16.04/cuda/toolkit_9.0/cuda/bin/nvcc -G -g -O0 --compile --relocatable-device-code=false -gencode arch=compute_61,code=compute_61 -gencode arch=compute_61,code=sm_61  -x cu -o  "SignalStrengthsSortedCuda.o" "../SignalStrengthsSortedCuda.cu"
../SignalStrengthsSortedCuda.cu(231): error: no operator "[]" matches these operands
            operand types are: CudaArray<int> [ int ]

../SignalStrengthsSortedCuda.cu(48): warning: function "noSortKernel" was declared but never referenced

1 error detected in the compilation of "/tmp/tmpxft_00006c21_00000000-6_SignalStrengthsSortedCuda.cpp1.ii".
make: *** [SignalStrengthsSortedCuda.o] Error 1
subdir.mk:33: recipe for target 'SignalStrengthsSortedCuda.o' failed
20:38:06 **** Incremental Build of configuration Debug for project CellPhoneCoverage ****
make all 
Building file: ../SignalStrengthsSortedCuda.cu
Invoking: NVCC Compiler
/graphics/opt/opt_Ubuntu16.04/cuda/toolkit_9.0/cuda/bin/nvcc -G -g -O0 -gencode arch=compute_61,code=sm_61  -odir "." -M -o "SignalStrengthsSortedCuda.d" "../SignalStrengthsSortedCuda.cu"
/graphics/opt/opt_Ubuntu16.04/cuda/toolkit_9.0/cuda/bin/nvcc -G -g -O0 --compile --relocatable-device-code=false -gencode arch=compute_61,code=compute_61 -gencode arch=compute_61,code=sm_61  -x cu -o  "SignalStrengthsSortedCuda.o" "../SignalStrengthsSortedCuda.cu"
../SignalStrengthsSortedCuda.cu(48): warning: function "noSortKernel" was declared but never referenced

../SignalStrengthsSortedCuda.cu(48): warning: function "noSortKernel" was declared but never referenced

Finished building: ../SignalStrengthsSortedCuda.cu
 
Building target: CellPhoneCoverage
Invoking: NVCC Linker
/graphics/opt/opt_Ubuntu16.04/cuda/toolkit_9.0/cuda/bin/nvcc --cudart static --relocatable-device-code=false -gencode arch=compute_61,code=compute_61 -gencode arch=compute_61,code=sm_61 -link -o  "CellPhoneCoverage"  ./CellPhoneCoverage.o ./SignalStrengthsCpu.o ./SignalStrengthsCuda.o ./SignalStrengthsSortedCuda.o   
Finished building target: CellPhoneCoverage
 
21:14:40 **** Incremental Build of configuration Debug for project CellPhoneCoverage ****
make all 
make: Nothing to be done for 'all'.
21:26:08 **** Incremental Build of configuration Debug for project CellPhoneCoverage ****
make all 
make: Nothing to be done for 'all'.
21:26:25 **** Incremental Build of configuration Debug for project CellPhoneCoverage ****
make all 
make: Nothing to be done for 'all'.
21:26:38 **** Incremental Build of configuration Debug for project CellPhoneCoverage ****
make all 
make: Nothing to be done for 'all'.
21:26:50 **** Incremental Build of configuration Debug for project CellPhoneCoverage ****
make all 
make: Nothing to be done for 'all'.
21:27:43 **** Incremental Build of configuration Debug for project CellPhoneCoverage ****
make all 
Building file: ../SignalStrengthsSortedCuda.cu
Invoking: NVCC Compiler
/graphics/opt/opt_Ubuntu16.04/cuda/toolkit_9.0/cuda/bin/nvcc -G -g -O0 -gencode arch=compute_61,code=sm_61  -odir "." -M -o "SignalStrengthsSortedCuda.d" "../SignalStrengthsSortedCuda.cu"
/graphics/opt/opt_Ubuntu16.04/cuda/toolkit_9.0/cuda/bin/nvcc -G -g -O0 --compile --relocatable-device-code=false -gencode arch=compute_61,code=compute_61 -gencode arch=compute_61,code=sm_61  -x cu -o  "SignalStrengthsSortedCuda.o" "../SignalStrengthsSortedCuda.cu"
../SignalStrengthsSortedCuda.cu(48): warning: function "noSortKernel" was declared but never referenced

../SignalStrengthsSortedCuda.cu(48): warning: function "noSortKernel" was declared but never referenced

Finished building: ../SignalStrengthsSortedCuda.cu
 
Building target: CellPhoneCoverage
Invoking: NVCC Linker
/graphics/opt/opt_Ubuntu16.04/cuda/toolkit_9.0/cuda/bin/nvcc --cudart static --relocatable-device-code=false -gencode arch=compute_61,code=compute_61 -gencode arch=compute_61,code=sm_61 -link -o  "CellPhoneCoverage"  ./CellPhoneCoverage.o ./SignalStrengthsCpu.o ./SignalStrengthsCuda.o ./SignalStrengthsSortedCuda.o   
Finished building target: CellPhoneCoverage
 
21:28:14 **** Incremental Build of configuration Debug for project CellPhoneCoverage ****
make all 
Building file: ../SignalStrengthsSortedCuda.cu
Invoking: NVCC Compiler
/graphics/opt/opt_Ubuntu16.04/cuda/toolkit_9.0/cuda/bin/nvcc -G -g -O0 -gencode arch=compute_61,code=sm_61  -odir "." -M -o "SignalStrengthsSortedCuda.d" "../SignalStrengthsSortedCuda.cu"
/graphics/opt/opt_Ubuntu16.04/cuda/toolkit_9.0/cuda/bin/nvcc -G -g -O0 --compile --relocatable-device-code=false -gencode arch=compute_61,code=compute_61 -gencode arch=compute_61,code=sm_61  -x cu -o  "SignalStrengthsSortedCuda.o" "../SignalStrengthsSortedCuda.cu"
../SignalStrengthsSortedCuda.cu(48): warning: function "noSortKernel" was declared but never referenced

../SignalStrengthsSortedCuda.cu(48): warning: function "noSortKernel" was declared but never referenced

Finished building: ../SignalStrengthsSortedCuda.cu
 
Building target: CellPhoneCoverage
Invoking: NVCC Linker
/graphics/opt/opt_Ubuntu16.04/cuda/toolkit_9.0/cuda/bin/nvcc --cudart static --relocatable-device-code=false -gencode arch=compute_61,code=compute_61 -gencode arch=compute_61,code=sm_61 -link -o  "CellPhoneCoverage"  ./CellPhoneCoverage.o ./SignalStrengthsCpu.o ./SignalStrengthsCuda.o ./SignalStrengthsSortedCuda.o   
Finished building target: CellPhoneCoverage
 
21:32:02 **** Incremental Build of configuration Debug for project CellPhoneCoverage ****
make all 
Building file: ../SignalStrengthsSortedCuda.cu
Invoking: NVCC Compiler
/graphics/opt/opt_Ubuntu16.04/cuda/toolkit_9.0/cuda/bin/nvcc -G -g -O0 -gencode arch=compute_61,code=sm_61  -odir "." -M -o "SignalStrengthsSortedCuda.d" "../SignalStrengthsSortedCuda.cu"
/graphics/opt/opt_Ubuntu16.04/cuda/toolkit_9.0/cuda/bin/nvcc -G -g -O0 --compile --relocatable-device-code=false -gencode arch=compute_61,code=compute_61 -gencode arch=compute_61,code=sm_61  -x cu -o  "SignalStrengthsSortedCuda.o" "../SignalStrengthsSortedCuda.cu"
../SignalStrengthsSortedCuda.cu(48): warning: function "noSortKernel" was declared but never referenced

../SignalStrengthsSortedCuda.cu(48): warning: function "noSortKernel" was declared but never referenced

Finished building: ../SignalStrengthsSortedCuda.cu
 
Building target: CellPhoneCoverage
Invoking: NVCC Linker
/graphics/opt/opt_Ubuntu16.04/cuda/toolkit_9.0/cuda/bin/nvcc --cudart static --relocatable-device-code=false -gencode arch=compute_61,code=compute_61 -gencode arch=compute_61,code=sm_61 -link -o  "CellPhoneCoverage"  ./CellPhoneCoverage.o ./SignalStrengthsCpu.o ./SignalStrengthsCuda.o ./SignalStrengthsSortedCuda.o   
Finished building target: CellPhoneCoverage
 
21:32:50 **** Incremental Build of configuration Debug for project CellPhoneCoverage ****
make all 
Building file: ../SignalStrengthsSortedCuda.cu
Invoking: NVCC Compiler
/graphics/opt/opt_Ubuntu16.04/cuda/toolkit_9.0/cuda/bin/nvcc -G -g -O0 -gencode arch=compute_61,code=sm_61  -odir "." -M -o "SignalStrengthsSortedCuda.d" "../SignalStrengthsSortedCuda.cu"
/graphics/opt/opt_Ubuntu16.04/cuda/toolkit_9.0/cuda/bin/nvcc -G -g -O0 --compile --relocatable-device-code=false -gencode arch=compute_61,code=compute_61 -gencode arch=compute_61,code=sm_61  -x cu -o  "SignalStrengthsSortedCuda.o" "../SignalStrengthsSortedCuda.cu"
../SignalStrengthsSortedCuda.cu(48): warning: function "noSortKernel" was declared but never referenced

../SignalStrengthsSortedCuda.cu(48): warning: function "noSortKernel" was declared but never referenced

Finished building: ../SignalStrengthsSortedCuda.cu
 
Building target: CellPhoneCoverage
Invoking: NVCC Linker
/graphics/opt/opt_Ubuntu16.04/cuda/toolkit_9.0/cuda/bin/nvcc --cudart static --relocatable-device-code=false -gencode arch=compute_61,code=compute_61 -gencode arch=compute_61,code=sm_61 -link -o  "CellPhoneCoverage"  ./CellPhoneCoverage.o ./SignalStrengthsCpu.o ./SignalStrengthsCuda.o ./SignalStrengthsSortedCuda.o   
Finished building target: CellPhoneCoverage
 
21:34:33 **** Incremental Build of configuration Debug for project CellPhoneCoverage ****
make all 
make: Nothing to be done for 'all'.
